\BOOKMARK [0][-]{chapter.1}{\376\377\000W\000s\000t\001\031\000p}{}% 1
\BOOKMARK [1][-]{section.1.1}{\376\377\000C\000e\000l\000e\000\040\000p\000r\000a\000c\000y}{chapter.1}% 2
\BOOKMARK [1][-]{section.1.2}{\376\377\000P\000r\000z\000y\000k\001\102\000a\000d\000y\000\040\000i\000s\000t\000n\000i\000e\000j\001\005\000c\000y\000c\000h\000\040\000r\000o\000z\000w\000i\001\005\000z\000a\000n\000i\000a\001\104\000\040\000d\000l\000a\000\040\000r\000y\000s\000o\000w\000a\000n\000i\000a\000\040\000s\000c\000h\000e\000m\000a\000t\000\363\000w\000\040\000b\000l\000o\000k\000o\000w\000y\000c\000h\000\040\000t\000y\000p\000u\000\040\000f\000l\000o\000w\000c\000h\000a\000r\000t}{chapter.1}% 3
\BOOKMARK [2][-]{subsection.1.2.1}{\376\377\000E\000d\000y\000t\000o\000r\000\040\000g\000r\000a\000f\000i\000c\000z\000n\000y}{section.1.2}% 4
\BOOKMARK [2][-]{subsection.1.2.2}{\376\377\000N\000a\000r\000z\001\031\000d\000z\000i\000e\000\040\000d\000o\000\040\000r\001\031\000c\000z\000n\000e\000g\000o\000\040\000r\000y\000s\000o\000w\000a\000n\000i\000a\000\040\000s\000c\000h\000e\000m\000a\000t\000\363\000w}{section.1.2}% 5
\BOOKMARK [2][-]{subsection.1.2.3}{\376\377\000K\000o\000n\000w\000e\000r\000t\000e\000r\000\040\000k\000o\000d\000u\000\040\000n\000a\000\040\000s\000c\000h\000e\000m\000a\000t\000\040\000b\000l\000o\000k\000o\000w\000y}{section.1.2}% 6
\BOOKMARK [1][-]{section.1.3}{\376\377\000F\000o\000r\000m\000a\000\040\000p\000r\000a\000c\000y}{chapter.1}% 7
\BOOKMARK [1][-]{section.1.4}{\376\377\000W\000y\000k\000o\000r\000z\000y\000s\000t\000a\000n\000e\000\040\000n\000a\000r\000z\001\031\000d\000z\000i\000a\000\040\000i\000\040\000t\000e\000c\000h\000n\000o\000l\000o\000g\000i\000e\000\040\000w\000r\000a\000z\000\040\000z\000\040\000o\000p\000i\000s\000e\000m}{chapter.1}% 8
\BOOKMARK [0][-]{chapter.2}{\376\377\000T\000y\000p\000y\000\040\000b\000l\000o\000c\000z\000k\000\363\000w\000\040\000o\000r\000a\000z\000\040\000i\000c\000h\000\040\000p\000r\000z\000y\000k\001\102\000a\000d\000o\000w\000e\000\040\000z\000a\000s\000t\000o\000s\000o\000w\000a\000n\000i\000a}{}% 9
\BOOKMARK [1][-]{section.2.1}{\376\377\000B\000l\000o\000c\000z\000k\000i\000\040\000p\000r\000o\000c\000e\000s\000u\000\040\000o\000r\000a\000z\000\040\000s\000t\000a\000r\000t\000/\000e\000n\000d}{chapter.2}% 10
\BOOKMARK [1][-]{section.2.2}{\376\377\000B\000l\000o\000c\000z\000e\000k\000\040\000w\000a\000r\000u\000n\000k\000o\000w\000y}{chapter.2}% 11
\BOOKMARK [2][-]{subsection.2.2.1}{\376\377\000d\000l\000a\000\040\000i\000n\000s\000t\000r\000u\000k\000c\000j\000i\000\040\000i\000f\000-\000e\000l\000s\000e}{section.2.2}% 12
\BOOKMARK [2][-]{subsection.2.2.2}{\376\377\000d\000l\000a\000\040\000i\000n\000s\000t\000r\000u\000k\000c\000j\000i\000\040\000w\000h\000i\000l\000e}{section.2.2}% 13
\BOOKMARK [1][-]{section.2.3}{\376\377\000B\000a\000r\000d\000z\000i\000e\000j\000\040\000z\001\102\000o\001\174\000o\000n\000y\000\040\000p\000r\000z\000y\000k\001\102\000a\000d}{chapter.2}% 14
\BOOKMARK [0][-]{chapter.3}{\376\377\000O\000p\000i\000s\000\040\000d\000z\000i\000a\001\102\000a\000n\000i\000a\000\040\000a\000p\000l\000i\000k\000a\000c\000j\000i}{}% 15
\BOOKMARK [1][-]{section.3.1}{\376\377\000I\000n\000t\000e\000r\000f\000e\000j\000s\000\040\000u\001\174\000y\000t\000k\000o\000w\000n\000i\000k\000a}{chapter.3}% 16
\BOOKMARK [1][-]{section.3.2}{\376\377\000L\000e\000x\000e\000r\000\040\000i\000\040\000p\000a\000r\000s\000e\000r\000\040\000k\000o\000d\000u\000\040\000j\001\031\000z\000y\000k\000a\000\040\000C\000-\000p\000o\000d\000o\000b\000n\000e\000g\000o}{chapter.3}% 17
\BOOKMARK [2][-]{subsection.3.2.1}{\376\377\000L\000e\000x\000e\000r}{section.3.2}% 18
\BOOKMARK [2][-]{subsection.3.2.2}{\376\377\000P\000a\000r\000s\000e\000r}{section.3.2}% 19
\BOOKMARK [1][-]{section.3.3}{\376\377\000A\000k\000c\000e\000l\000e\000r\000a\000t\000o\000r\000\040\000b\000u\000d\000o\000w\000a\000n\000i\000a\000\040\000k\000o\000d\000u\000\040\000w\000\040\000j\001\031\000z\000y\000k\000u\000\040\000w\000y\000m\000a\000g\000a\000n\000y\000m\000\040\000p\000r\000z\000e\000z\000\040\000M\000e\000r\000m\000a\000i\000d}{chapter.3}% 20
\BOOKMARK [1][-]{section.3.4}{\376\377\000K\000o\000n\000w\000e\000r\000t\000e\000r\000\040\000k\000o\000d\000u\000\040\000j\001\031\000z\000y\000k\000a\000\040\000C\000-\000p\000o\000d\000o\000b\000n\000e\000g\000o\000\040\000n\000a\000\040\000j\001\031\000z\000y\000k\000\040\000M\000e\000r\000m\000a\000i\000d}{chapter.3}% 21
